mode: set
github.com/CanonicalLtd/dqlite/internal/trace/cursor.go:23.46,28.2 1 1
github.com/CanonicalLtd/dqlite/internal/trace/cursor.go:30.33,32.2 1 1
github.com/CanonicalLtd/dqlite/internal/trace/cursor.go:34.28,36.2 1 1
github.com/CanonicalLtd/dqlite/internal/trace/cursor.go:38.28,40.2 1 1
github.com/CanonicalLtd/dqlite/internal/trace/set.go:45.30,51.2 1 1
github.com/CanonicalLtd/dqlite/internal/trace/set.go:56.40,58.9 2 1
github.com/CanonicalLtd/dqlite/internal/trace/set.go:63.2,63.15 1 1
github.com/CanonicalLtd/dqlite/internal/trace/set.go:58.9,62.3 3 1
github.com/CanonicalLtd/dqlite/internal/trace/set.go:69.32,71.9 2 1
github.com/CanonicalLtd/dqlite/internal/trace/set.go:74.2,74.25 1 0
github.com/CanonicalLtd/dqlite/internal/trace/set.go:71.9,72.63 1 1
github.com/CanonicalLtd/dqlite/internal/trace/set.go:79.31,85.35 2 1
github.com/CanonicalLtd/dqlite/internal/trace/set.go:93.2,93.42 1 1
github.com/CanonicalLtd/dqlite/internal/trace/set.go:97.2,99.32 2 1
github.com/CanonicalLtd/dqlite/internal/trace/set.go:104.2,104.15 1 1
github.com/CanonicalLtd/dqlite/internal/trace/set.go:85.35,86.45 1 1
github.com/CanonicalLtd/dqlite/internal/trace/set.go:86.45,91.4 1 1
github.com/CanonicalLtd/dqlite/internal/trace/set.go:93.42,95.3 1 1
github.com/CanonicalLtd/dqlite/internal/trace/set.go:99.32,102.3 1 1
github.com/CanonicalLtd/dqlite/internal/trace/set.go:109.47,112.2 2 1
github.com/CanonicalLtd/dqlite/internal/trace/buffer.go:33.31,38.2 1 1
github.com/CanonicalLtd/dqlite/internal/trace/buffer.go:41.109,46.35 4 1
github.com/CanonicalLtd/dqlite/internal/trace/buffer.go:54.2,57.20 3 1
github.com/CanonicalLtd/dqlite/internal/trace/buffer.go:46.35,48.20 1 1
github.com/CanonicalLtd/dqlite/internal/trace/buffer.go:48.20,50.4 1 1
github.com/CanonicalLtd/dqlite/internal/trace/buffer.go:50.4,52.4 1 1
github.com/CanonicalLtd/dqlite/internal/trace/buffer.go:61.31,65.2 3 1
github.com/CanonicalLtd/dqlite/internal/trace/buffer.go:68.36,78.25 4 1
github.com/CanonicalLtd/dqlite/internal/trace/buffer.go:87.2,87.16 1 1
github.com/CanonicalLtd/dqlite/internal/trace/buffer.go:78.25,81.41 3 1
github.com/CanonicalLtd/dqlite/internal/trace/buffer.go:84.3,84.50 1 1
github.com/CanonicalLtd/dqlite/internal/trace/buffer.go:81.41,82.9 1 1
github.com/CanonicalLtd/dqlite/internal/trace/field.go:20.45,26.2 1 1
github.com/CanonicalLtd/dqlite/internal/trace/field.go:29.45,34.2 1 1
github.com/CanonicalLtd/dqlite/internal/trace/field.go:44.32,47.16 3 1
github.com/CanonicalLtd/dqlite/internal/trace/field.go:55.2,55.37 1 1
github.com/CanonicalLtd/dqlite/internal/trace/field.go:47.16,50.3 2 1
github.com/CanonicalLtd/dqlite/internal/trace/field.go:50.3,53.3 2 1
github.com/CanonicalLtd/dqlite/internal/trace/tracer.go:28.63,35.2 1 1
github.com/CanonicalLtd/dqlite/internal/trace/tracer.go:38.63,39.33 1 1
github.com/CanonicalLtd/dqlite/internal/trace/tracer.go:42.2,42.28 1 1
github.com/CanonicalLtd/dqlite/internal/trace/tracer.go:39.33,40.94 1 1
github.com/CanonicalLtd/dqlite/internal/trace/tracer.go:46.51,48.2 1 1
github.com/CanonicalLtd/dqlite/internal/trace/tracer.go:52.58,54.26 2 1
github.com/CanonicalLtd/dqlite/internal/trace/tracer.go:57.2,57.16 1 1
github.com/CanonicalLtd/dqlite/internal/trace/tracer.go:54.26,56.3 1 1
github.com/CanonicalLtd/dqlite/internal/trace/tracer.go:62.48,63.37 1 1
github.com/CanonicalLtd/dqlite/internal/trace/tracer.go:69.2,73.35 3 1
github.com/CanonicalLtd/dqlite/internal/trace/tracer.go:78.2,78.24 1 1
github.com/CanonicalLtd/dqlite/internal/trace/tracer.go:82.2,82.15 1 1
github.com/CanonicalLtd/dqlite/internal/trace/tracer.go:63.37,64.98 1 1
github.com/CanonicalLtd/dqlite/internal/trace/tracer.go:73.35,75.3 1 1
github.com/CanonicalLtd/dqlite/internal/trace/tracer.go:78.24,80.3 1 1
github.com/CanonicalLtd/dqlite/internal/trace/tracer.go:86.70,89.26 2 1
github.com/CanonicalLtd/dqlite/internal/trace/tracer.go:89.26,93.3 3 1
github.com/CanonicalLtd/dqlite/internal/trace/entry.go:35.35,37.2 1 1
github.com/CanonicalLtd/dqlite/internal/trace/entry.go:41.33,44.22 2 1
github.com/CanonicalLtd/dqlite/internal/trace/entry.go:52.2,53.41 2 1
github.com/CanonicalLtd/dqlite/internal/trace/entry.go:57.2,57.20 1 1
github.com/CanonicalLtd/dqlite/internal/trace/entry.go:61.2,61.45 1 1
github.com/CanonicalLtd/dqlite/internal/trace/entry.go:44.22,46.37 2 1
github.com/CanonicalLtd/dqlite/internal/trace/entry.go:49.3,49.42 1 1
github.com/CanonicalLtd/dqlite/internal/trace/entry.go:46.37,48.4 1 1
github.com/CanonicalLtd/dqlite/internal/trace/entry.go:53.41,55.3 1 1
github.com/CanonicalLtd/dqlite/internal/trace/entry.go:57.20,59.3 1 1
